2025-07-29 22:05:22,987 - INFO - 
=== NEW GAME STARTED ===
2025-07-29 22:05:22,989 - INFO - Mode: FULL
2025-07-29 22:05:22,990 - INFO - Players: RandomBot_0, RandomBot_1, RandomBot_2, RandomBot_3
2025-07-29 22:05:22,991 - ERROR - Game error: 'EstimationGame' object has no attribute 'get_trump_suit'
2025-07-29 22:17:02,738 - INFO - 
=== NEW GAME STARTED ===
2025-07-29 22:17:02,739 - INFO - Mode: FULL
2025-07-29 22:17:02,740 - INFO - Players: RandomBot_0, RandomBot_1, RandomBot_2, RandomBot_3
2025-07-29 22:17:02,746 - INFO - 
=== GAME COMPLETE ===
2025-07-29 22:17:02,746 - INFO - Winner: RandomBot_1
2025-07-29 22:17:02,747 - INFO - RandomBot_0: -170 points
2025-07-29 22:17:02,748 - INFO - RandomBot_1: -127 points
2025-07-29 22:17:02,749 - INFO - RandomBot_2: -165 points
2025-07-29 22:17:02,750 - INFO - RandomBot_3: -206 points
2025-07-30 00:28:31,017 - INFO - 
=== NEW GAME STARTED ===
2025-07-30 00:28:31,017 - INFO - Mode: FULL
2025-07-30 00:28:31,017 - INFO - Players: RandomBot_0, RandomBot_1, RandomBot_2, RandomBot_3
2025-07-30 00:28:31,033 - INFO - 
=== GAME COMPLETE ===
2025-07-30 00:28:31,033 - INFO - Winner: RandomBot_1
2025-07-30 00:28:31,034 - INFO - RandomBot_0: -132 points
2025-07-30 00:28:31,035 - INFO - RandomBot_1: -125 points
2025-07-30 00:28:31,036 - INFO - RandomBot_2: -248 points
2025-07-30 00:28:31,036 - INFO - RandomBot_3: -125 points
2025-07-30 00:30:01,025 - INFO - 
=== NEW GAME STARTED ===
2025-07-30 00:30:01,026 - INFO - Mode: MICRO
2025-07-30 00:30:01,027 - INFO - Players: RandomBot_0, RandomBot_1, RandomBot_2, RandomBot_3
2025-07-30 00:30:01,031 - INFO - 
=== GAME COMPLETE ===
2025-07-30 00:30:01,031 - INFO - Winner: RandomBot_1
2025-07-30 00:30:01,032 - INFO - RandomBot_0: -78 points
2025-07-30 00:30:01,033 - INFO - RandomBot_1: -46 points
2025-07-30 00:30:01,033 - INFO - RandomBot_2: -47 points
2025-07-30 00:30:01,034 - INFO - RandomBot_3: -102 points
2025-07-30 07:11:11,121 - INFO - 
=== NEW GAME STARTED ===
2025-07-30 07:11:11,122 - INFO - Mode: MICRO
2025-07-30 07:11:11,123 - INFO - Players: DDD, HeuristicBot_1, AdvancedBot_2, WeightedBot_3
2025-07-30 07:14:20,080 - INFO - 
=== NEW GAME STARTED ===
2025-07-30 07:14:20,081 - INFO - Mode: MICRO
2025-07-30 07:14:20,081 - INFO - Players: DDD, RandomBot_1, RandomBot_2, RandomBot_3
2025-07-30 07:34:06,796 - INFO - 
=== NEW GAME STARTED ===
2025-07-30 07:34:06,798 - INFO - Mode: MICRO
2025-07-30 07:34:06,798 - INFO - Players: DDD, RandomBot_1, RandomBot_2, RandomBot_3
2025-07-30 07:35:00,930 - INFO - 
=== NEW GAME STARTED ===
2025-07-30 07:35:00,931 - INFO - Mode: MICRO
2025-07-30 07:35:00,932 - INFO - Players: r, RandomBot_1, RandomBot_2, RandomBot_3
2025-07-30 07:36:39,152 - INFO - 
=== NEW GAME STARTED ===
2025-07-30 07:36:39,152 - INFO - Mode: MICRO
2025-07-30 07:36:39,153 - INFO - Players: Tal, HeuristicBot_1, AdvancedBot_2, WeightedBot_3
2025-07-30 07:44:51,443 - INFO - 
=== NEW GAME STARTED ===
2025-07-30 07:44:51,444 - INFO - Mode: MICRO
2025-07-30 07:44:51,444 - INFO - Players: Tall, RandomBot_1, RandomBot_2, RandomBot_3
2025-07-30 08:59:45,656 - INFO - 
=== NEW GAME STARTED ===
2025-07-30 08:59:45,657 - INFO - Mode: MICRO
2025-07-30 08:59:45,657 - INFO - Players: 1, RandomBot_1, RandomBot_2, RandomBot_3
2025-07-30 09:02:56,496 - INFO - 
=== NEW GAME STARTED ===
2025-07-30 09:02:56,497 - INFO - Mode: MICRO
2025-07-30 09:02:56,497 - INFO - Players: RandomBot_0, HeuristicBot_1, AdvancedBot_2, WeightedBot_3
2025-07-30 09:04:37,291 - INFO - 
=== NEW GAME STARTED ===
2025-07-30 09:04:37,292 - INFO - Mode: MICRO
2025-07-30 09:04:37,293 - INFO - Players: RandomBot_0, RandomBot_1, RandomBot_2, RandomBot_3
2025-07-30 09:17:00,431 - INFO - 
=== NEW GAME STARTED ===
2025-07-30 09:17:00,432 - INFO - Mode: MICRO
2025-07-30 09:17:00,432 - INFO - Players: RandomBot_0, RandomBot_1, RandomBot_2, RandomBot_3
2025-07-30 09:17:10,091 - INFO - 
=== NEW GAME STARTED ===
2025-07-30 09:17:10,093 - INFO - Mode: MICRO
2025-07-30 09:17:10,093 - INFO - Players: RandomBot_0, HeuristicBot_1, AdvancedBot_2, WeightedBot_3
2025-07-30 09:20:42,169 - INFO - 
=== NEW GAME STARTED ===
2025-07-30 09:20:42,170 - INFO - Mode: MICRO
2025-07-30 09:20:42,171 - INFO - Players: RandomBot_0, RandomBot_1, RandomBot_2, RandomBot_3
2025-07-30 09:21:02,111 - INFO - 
=== NEW GAME STARTED ===
2025-07-30 09:21:02,111 - INFO - Mode: MICRO
2025-07-30 09:21:02,112 - INFO - Players: Test, RandomBot_1, RandomBot_2, RandomBot_3
2025-07-30 09:36:30,990 - INFO - 
=== NEW GAME STARTED ===
2025-07-30 09:36:30,992 - INFO - Mode: MICRO
2025-07-30 09:36:30,992 - INFO - Players: RandomBot_0, HeuristicBot_1, AdvancedBot_2, WeightedBot_3
2025-07-30 09:38:31,944 - INFO - 
=== NEW GAME STARTED ===
2025-07-30 09:38:31,945 - INFO - Mode: MICRO
2025-07-30 09:38:31,946 - INFO - Players: RandomBot_0, HeuristicBot_1, AdvancedBot_2, WeightedBot_3
2025-07-30 09:39:25,843 - INFO - 
=== NEW GAME STARTED ===
2025-07-30 09:39:25,844 - INFO - Mode: MICRO
2025-07-30 09:39:25,844 - INFO - Players: RandomBot_0, RandomBot_1, RandomBot_2, RandomBot_3
2025-07-30 09:39:53,267 - INFO - 
=== NEW GAME STARTED ===
2025-07-30 09:39:53,268 - INFO - Mode: MICRO
2025-07-30 09:39:53,268 - INFO - Players: RandomBot_0, RandomBot_1, RandomBot_2, RandomBot_3
2025-07-30 09:40:02,455 - INFO - 
=== NEW GAME STARTED ===
2025-07-30 09:40:02,456 - INFO - Mode: MICRO
2025-07-30 09:40:02,456 - INFO - Players: RandomBot_0, HeuristicBot_1, AdvancedBot_2, WeightedBot_3
2025-07-30 09:40:15,737 - INFO - 
=== NEW GAME STARTED ===
2025-07-30 09:40:15,738 - INFO - Mode: MICRO
2025-07-30 09:40:15,739 - INFO - Players: TT, HeuristicBot_1, AdvancedBot_2, WeightedBot_3
